<?xml version="1.0" encoding="UTF-8"?>
<!-- Generated by org.testng.reporters.JUnitReportReporter -->
<testsuite hostname="SF-LAP-655" failures="0" tests="6" name="testcases.MyFirstTest" time="94.953" errors="0" timestamp="2023-05-01T18:08:21 IST" skipped="0">
  <testcase classname="testcases.MyFirstTest" name="myfirst" time="14.607"/>
  <system-out/>
  <testcase classname="testcases.MyFirstTest" name="myfirst" time="18.602"/>
  <system-out/>
  <testcase classname="testcases.MyFirstTest" name="myfirst" time="15.092"/>
  <system-out/>
  <testcase classname="testcases.MyFirstTest" name="myfirst" time="15.352"/>
  <system-out/>
  <testcase classname="testcases.MyFirstTest" name="myfirst" time="16.438"/>
  <system-out/>
  <testcase classname="testcases.MyFirstTest" name="myfirst" time="14.862"/>
  <system-out/>
</testsuite> <!-- testcases.MyFirstTest -->
